<?xml version="1.0" encoding="UTF-8"?>
<!-- Generated by org.testng.reporters.JUnitXMLReporter -->
<testsuite hostname="DESKTOP-70LASCE" ignored="0" name="Test" tests="4" failures="0" timestamp="2021-08-08T08:03:06 IST" time="90.259" errors="0">
  <testcase name="amazonLogoValidation" time="21.39" classname="in.amazon.test.SignIn"/>
  <testcase name="amazonTitleValidation" time="1.283" classname="in.amazon.test.SignIn"/>
  <testcase name="informationLabelValidation" time="0.774" classname="in.amazon.test.SignIn"/>
  <testcase name="textEmailAndButtonContinueValidation" time="4.107" classname="in.amazon.test.SignIn"/>
</testsuite> <!-- Test -->
