<?xml version="1.0" encoding="UTF-8"?>
<testng-results skipped="0" failed="0" ignored="0" total="4" passed="4">
  <reporter-output>
  </reporter-output>
  <suite name="Suite" duration-ms="50611" started-at="2021-02-11T17:35:44 IST" finished-at="2021-02-11T17:36:34 IST">
    <groups>
    </groups>
    <test name="Test" duration-ms="50611" started-at="2021-02-11T17:35:44 IST" finished-at="2021-02-11T17:36:34 IST">
      <class name="in.amazon.test.SignIn">
        <test-method status="PASS" signature="reportStart()[pri:0, instance:in.amazon.test.SignIn@670b40af]" name="reportStart" is-config="true" duration-ms="283" started-at="2021-02-11T17:35:44 IST" finished-at="2021-02-11T17:35:44 IST">
          <reporter-output>
          </reporter-output>
        </test-method> <!-- reportStart -->
        <test-method status="PASS" signature="setup()[pri:0, instance:in.amazon.test.SignIn@670b40af]" name="setup" is-config="true" duration-ms="24605" started-at="2021-02-11T17:35:44 IST" finished-at="2021-02-11T17:36:08 IST">
          <reporter-output>
          </reporter-output>
        </test-method> <!-- setup -->
        <test-method status="PASS" signature="amazonLogoValidation()[pri:0, instance:in.amazon.test.SignIn@670b40af]" name="amazonLogoValidation" duration-ms="15807" started-at="2021-02-11T17:36:09 IST" finished-at="2021-02-11T17:36:24 IST">
          <reporter-output>
          </reporter-output>
        </test-method> <!-- amazonLogoValidation -->
        <test-method status="PASS" signature="screenshotReport(org.testng.ITestResult)[pri:0, instance:in.amazon.test.SignIn@670b40af]" name="screenshotReport" is-config="true" duration-ms="8" started-at="2021-02-11T17:36:24 IST" finished-at="2021-02-11T17:36:24 IST">
          <params>
            <param index="0">
              <value>
                <![CDATA[[TestResult name=amazonLogoValidation status=SUCCESS method=SignIn.amazonLogoValidation()[pri:0, instance:in.amazon.test.SignIn@670b40af] output={null}]]]>
              </value>
            </param>
          </params>
          <reporter-output>
          </reporter-output>
        </test-method> <!-- screenshotReport -->
        <test-method status="PASS" signature="amazonTitleValidation()[pri:0, instance:in.amazon.test.SignIn@670b40af]" name="amazonTitleValidation" duration-ms="1120" started-at="2021-02-11T17:36:24 IST" finished-at="2021-02-11T17:36:26 IST">
          <reporter-output>
          </reporter-output>
        </test-method> <!-- amazonTitleValidation -->
        <test-method status="PASS" signature="screenshotReport(org.testng.ITestResult)[pri:0, instance:in.amazon.test.SignIn@670b40af]" name="screenshotReport" is-config="true" duration-ms="0" started-at="2021-02-11T17:36:26 IST" finished-at="2021-02-11T17:36:26 IST">
          <params>
            <param index="0">
              <value>
                <![CDATA[[TestResult name=amazonTitleValidation status=SUCCESS method=SignIn.amazonTitleValidation()[pri:0, instance:in.amazon.test.SignIn@670b40af] output={null}]]]>
              </value>
            </param>
          </params>
          <reporter-output>
          </reporter-output>
        </test-method> <!-- screenshotReport -->
        <test-method status="PASS" signature="informationLabelValidation()[pri:0, instance:in.amazon.test.SignIn@670b40af]" name="informationLabelValidation" duration-ms="1127" started-at="2021-02-11T17:36:26 IST" finished-at="2021-02-11T17:36:27 IST">
          <reporter-output>
          </reporter-output>
        </test-method> <!-- informationLabelValidation -->
        <test-method status="PASS" signature="textEmailAndButtonContinueValidation()[pri:0, instance:in.amazon.test.SignIn@670b40af]" name="textEmailAndButtonContinueValidation" duration-ms="5413" started-at="2021-02-11T17:36:27 IST" finished-at="2021-02-11T17:36:32 IST">
          <reporter-output>
          </reporter-output>
        </test-method> <!-- textEmailAndButtonContinueValidation -->
        <test-method status="PASS" signature="screenshotReport(org.testng.ITestResult)[pri:0, instance:in.amazon.test.SignIn@670b40af]" name="screenshotReport" is-config="true" duration-ms="0" started-at="2021-02-11T17:36:27 IST" finished-at="2021-02-11T17:36:27 IST">
          <params>
            <param index="0">
              <value>
                <![CDATA[[TestResult name=informationLabelValidation status=SUCCESS method=SignIn.informationLabelValidation()[pri:0, instance:in.amazon.test.SignIn@670b40af] output={null}]]]>
              </value>
            </param>
          </params>
          <reporter-output>
          </reporter-output>
        </test-method> <!-- screenshotReport -->
        <test-method status="PASS" signature="screenshotReport(org.testng.ITestResult)[pri:0, instance:in.amazon.test.SignIn@670b40af]" name="screenshotReport" is-config="true" duration-ms="0" started-at="2021-02-11T17:36:32 IST" finished-at="2021-02-11T17:36:32 IST">
          <params>
            <param index="0">
              <value>
                <![CDATA[[TestResult name=textEmailAndButtonContinueValidation status=SUCCESS method=SignIn.textEmailAndButtonContinueValidation()[pri:0, instance:in.amazon.test.SignIn@670b40af] output={null}]]]>
              </value>
            </param>
          </params>
          <reporter-output>
          </reporter-output>
        </test-method> <!-- screenshotReport -->
        <test-method status="PASS" signature="tearDown()[pri:0, instance:in.amazon.test.SignIn@670b40af]" name="tearDown" is-config="true" duration-ms="2398" started-at="2021-02-11T17:36:32 IST" finished-at="2021-02-11T17:36:34 IST">
          <reporter-output>
          </reporter-output>
        </test-method> <!-- tearDown -->
        <test-method status="PASS" signature="endReport()[pri:0, instance:in.amazon.test.SignIn@670b40af]" name="endReport" is-config="true" duration-ms="1302" started-at="2021-02-11T17:36:35 IST" finished-at="2021-02-11T17:36:36 IST">
          <reporter-output>
          </reporter-output>
        </test-method> <!-- endReport -->
      </class> <!-- in.amazon.test.SignIn -->
    </test> <!-- Test -->
  </suite> <!-- Suite -->
</testng-results>
