<?xml version="1.0" encoding="UTF-8"?>
<testng-results skipped="0" failed="0" ignored="0" total="1" passed="1">
  <reporter-output>
  </reporter-output>
  <suite name="Suite" duration-ms="16096" started-at="2021-01-29T01:20:12 IST" finished-at="2021-01-29T01:20:28 IST">
    <groups>
    </groups>
    <test name="Test" duration-ms="16096" started-at="2021-01-29T01:20:12 IST" finished-at="2021-01-29T01:20:28 IST">
      <class name="in.amazon.test.SignIn">
        <test-method status="PASS" signature="reportStart()[pri:0, instance:in.amazon.test.SignIn@7d68ef40]" name="reportStart" is-config="true" duration-ms="734" started-at="2021-01-29T01:20:12 IST" finished-at="2021-01-29T01:20:12 IST">
          <reporter-output>
          </reporter-output>
        </test-method> <!-- reportStart -->
        <test-method status="PASS" signature="setup()[pri:0, instance:in.amazon.test.SignIn@7d68ef40]" name="setup" is-config="true" duration-ms="8365" started-at="2021-01-29T01:20:12 IST" finished-at="2021-01-29T01:20:21 IST">
          <reporter-output>
          </reporter-output>
        </test-method> <!-- setup -->
        <test-method status="PASS" signature="LinkSignInValidation()[pri:0, instance:in.amazon.test.SignIn@7d68ef40]" name="LinkSignInValidation" duration-ms="6483" started-at="2021-01-29T01:20:21 IST" finished-at="2021-01-29T01:20:27 IST">
          <reporter-output>
          </reporter-output>
        </test-method> <!-- LinkSignInValidation -->
        <test-method status="PASS" signature="screenshotReport(org.testng.ITestResult)[pri:0, instance:in.amazon.test.SignIn@7d68ef40]" name="screenshotReport" is-config="true" duration-ms="5" started-at="2021-01-29T01:20:27 IST" finished-at="2021-01-29T01:20:27 IST">
          <params>
            <param index="0">
              <value>
                <![CDATA[[TestResult name=LinkSignInValidation status=SUCCESS method=SignIn.LinkSignInValidation()[pri:0, instance:in.amazon.test.SignIn@7d68ef40] output={null}]]]>
              </value>
            </param>
          </params>
          <reporter-output>
          </reporter-output>
        </test-method> <!-- screenshotReport -->
        <test-method status="PASS" signature="tearDown()[pri:0, instance:in.amazon.test.SignIn@7d68ef40]" name="tearDown" is-config="true" duration-ms="1134" started-at="2021-01-29T01:20:27 IST" finished-at="2021-01-29T01:20:28 IST">
          <reporter-output>
          </reporter-output>
        </test-method> <!-- tearDown -->
        <test-method status="PASS" signature="endReport()[pri:0, instance:in.amazon.test.SignIn@7d68ef40]" name="endReport" is-config="true" duration-ms="1040" started-at="2021-01-29T01:20:29 IST" finished-at="2021-01-29T01:20:30 IST">
          <reporter-output>
          </reporter-output>
        </test-method> <!-- endReport -->
      </class> <!-- in.amazon.test.SignIn -->
    </test> <!-- Test -->
  </suite> <!-- Suite -->
</testng-results>
