<?xml version="1.0" encoding="UTF-8"?>
<testng-results skipped="0" failed="0" ignored="0" total="4" passed="4">
  <reporter-output>
  </reporter-output>
  <suite name="Suite" duration-ms="90259" started-at="2021-08-08T08:01:35 IST" finished-at="2021-08-08T08:03:05 IST">
    <groups>
    </groups>
    <test name="Test" duration-ms="90259" started-at="2021-08-08T08:01:35 IST" finished-at="2021-08-08T08:03:05 IST">
      <class name="in.amazon.test.SignIn">
        <test-method status="PASS" signature="reportStart()[pri:0, instance:in.amazon.test.SignIn@4d1b0d2a]" name="reportStart" is-config="true" duration-ms="2383" started-at="2021-08-08T08:01:33 IST" finished-at="2021-08-08T08:01:35 IST">
          <reporter-output>
          </reporter-output>
        </test-method> <!-- reportStart -->
        <test-method status="PASS" signature="setup()[pri:0, instance:in.amazon.test.SignIn@4d1b0d2a]" name="setup" is-config="true" duration-ms="60301" started-at="2021-08-08T08:01:35 IST" finished-at="2021-08-08T08:02:36 IST">
          <reporter-output>
          </reporter-output>
        </test-method> <!-- setup -->
        <test-method status="PASS" signature="amazonLogoValidation()[pri:0, instance:in.amazon.test.SignIn@4d1b0d2a]" name="amazonLogoValidation" duration-ms="21390" started-at="2021-08-08T08:02:36 IST" finished-at="2021-08-08T08:02:57 IST">
          <reporter-output>
          </reporter-output>
        </test-method> <!-- amazonLogoValidation -->
        <test-method status="PASS" signature="screenshotReport(org.testng.ITestResult)[pri:0, instance:in.amazon.test.SignIn@4d1b0d2a]" name="screenshotReport" is-config="true" duration-ms="7" started-at="2021-08-08T08:02:57 IST" finished-at="2021-08-08T08:02:57 IST">
          <params>
            <param index="0">
              <value>
                <![CDATA[[TestResult name=amazonLogoValidation status=SUCCESS method=SignIn.amazonLogoValidation()[pri:0, instance:in.amazon.test.SignIn@4d1b0d2a] output={null}]]]>
              </value>
            </param>
          </params>
          <reporter-output>
          </reporter-output>
        </test-method> <!-- screenshotReport -->
        <test-method status="PASS" signature="amazonTitleValidation()[pri:0, instance:in.amazon.test.SignIn@4d1b0d2a]" name="amazonTitleValidation" duration-ms="1283" started-at="2021-08-08T08:02:57 IST" finished-at="2021-08-08T08:02:58 IST">
          <reporter-output>
          </reporter-output>
        </test-method> <!-- amazonTitleValidation -->
        <test-method status="PASS" signature="screenshotReport(org.testng.ITestResult)[pri:0, instance:in.amazon.test.SignIn@4d1b0d2a]" name="screenshotReport" is-config="true" duration-ms="0" started-at="2021-08-08T08:02:58 IST" finished-at="2021-08-08T08:02:58 IST">
          <params>
            <param index="0">
              <value>
                <![CDATA[[TestResult name=amazonTitleValidation status=SUCCESS method=SignIn.amazonTitleValidation()[pri:0, instance:in.amazon.test.SignIn@4d1b0d2a] output={null}]]]>
              </value>
            </param>
          </params>
          <reporter-output>
          </reporter-output>
        </test-method> <!-- screenshotReport -->
        <test-method status="PASS" signature="informationLabelValidation()[pri:0, instance:in.amazon.test.SignIn@4d1b0d2a]" name="informationLabelValidation" duration-ms="774" started-at="2021-08-08T08:02:58 IST" finished-at="2021-08-08T08:02:59 IST">
          <reporter-output>
          </reporter-output>
        </test-method> <!-- informationLabelValidation -->
        <test-method status="PASS" signature="screenshotReport(org.testng.ITestResult)[pri:0, instance:in.amazon.test.SignIn@4d1b0d2a]" name="screenshotReport" is-config="true" duration-ms="1" started-at="2021-08-08T08:02:59 IST" finished-at="2021-08-08T08:02:59 IST">
          <params>
            <param index="0">
              <value>
                <![CDATA[[TestResult name=informationLabelValidation status=SUCCESS method=SignIn.informationLabelValidation()[pri:0, instance:in.amazon.test.SignIn@4d1b0d2a] output={null}]]]>
              </value>
            </param>
          </params>
          <reporter-output>
          </reporter-output>
        </test-method> <!-- screenshotReport -->
        <test-method status="PASS" signature="textEmailAndButtonContinueValidation()[pri:0, instance:in.amazon.test.SignIn@4d1b0d2a]" name="textEmailAndButtonContinueValidation" duration-ms="4107" started-at="2021-08-08T08:02:59 IST" finished-at="2021-08-08T08:03:03 IST">
          <reporter-output>
          </reporter-output>
        </test-method> <!-- textEmailAndButtonContinueValidation -->
        <test-method status="PASS" signature="screenshotReport(org.testng.ITestResult)[pri:0, instance:in.amazon.test.SignIn@4d1b0d2a]" name="screenshotReport" is-config="true" duration-ms="0" started-at="2021-08-08T08:03:03 IST" finished-at="2021-08-08T08:03:03 IST">
          <params>
            <param index="0">
              <value>
                <![CDATA[[TestResult name=textEmailAndButtonContinueValidation status=SUCCESS method=SignIn.textEmailAndButtonContinueValidation()[pri:0, instance:in.amazon.test.SignIn@4d1b0d2a] output={null}]]]>
              </value>
            </param>
          </params>
          <reporter-output>
          </reporter-output>
        </test-method> <!-- screenshotReport -->
        <test-method status="PASS" signature="tearDown()[pri:0, instance:in.amazon.test.SignIn@4d1b0d2a]" name="tearDown" is-config="true" duration-ms="2295" started-at="2021-08-08T08:03:03 IST" finished-at="2021-08-08T08:03:05 IST">
          <reporter-output>
          </reporter-output>
        </test-method> <!-- tearDown -->
        <test-method status="PASS" signature="endReport()[pri:0, instance:in.amazon.test.SignIn@4d1b0d2a]" name="endReport" is-config="true" duration-ms="1807" started-at="2021-08-08T08:03:06 IST" finished-at="2021-08-08T08:03:08 IST">
          <reporter-output>
          </reporter-output>
        </test-method> <!-- endReport -->
      </class> <!-- in.amazon.test.SignIn -->
    </test> <!-- Test -->
  </suite> <!-- Suite -->
</testng-results>
