<?xml version="1.0" encoding="UTF-8"?>
<!-- Generated by org.testng.reporters.JUnitXMLReporter -->
<testsuite hostname="DESKTOP-70LASCE" ignored="0" name="Test" tests="4" failures="0" timestamp="2021-08-08T00:54:57 IST" time="7.487" errors="0">
  <testcase name="@BeforeTest setup" time="7.263" classname="in.amazon.test.Base">
    <failure type="org.openqa.selenium.SessionNotCreatedException" message="session not created: This version of ChromeDriver only supports Chrome version 88
Current browser version is 92.0.4515.131 with binary path C:\Program Files\Google\Chrome\Application\chrome.exe
Build info: version: &amp;apos;3.141.59&amp;apos;, revision: &amp;apos;e82be7d358&amp;apos;, time: &amp;apos;2018-11-14T08:17:03&amp;apos;
System info: host: &amp;apos;DESKTOP-70LASCE&amp;apos;, ip: &amp;apos;192.168.0.102&amp;apos;, os.name: &amp;apos;Windows 10&amp;apos;, os.arch: &amp;apos;amd64&amp;apos;, os.version: &amp;apos;10.0&amp;apos;, java.version: &amp;apos;1.8.0_91&amp;apos;
Driver info: driver.version: ChromeDriver
remote stacktrace: Backtrace:
	GetHandleVerifier [0x0096B963+483]
	GetHandleVerifier [0x0096B941+449]
	GetHandleVerifier [0x00D13308+3832712]
	GetHandleVerifier [0x00D2D69A+3940122]
	GetHandleVerifier [0x00D29AFB+3924859]
	GetHandleVerifier [0x00D27D9C+3917340]
	GetHandleVerifier [0x00D4E7FE+4075646]
	GetHandleVerifier [0x00D4E56C+4074988]
	GetHandleVerifier [0x00D4B2EB+4062059]
	GetHandleVerifier [0x00D2ED14+3945876]
	GetHandleVerifier [0x00D2FBCE+3949646]
	GetHandleVerifier [0x00D2FB59+3949529]
	Ordinal0 [0x0092B5CC+46540]
	Ordinal0 [0x00929F53+40787]
	Ordinal0 [0x00929B12+39698]
	GetHandleVerifier [0x00C31468+2907368]
	GetHandleVerifier [0x00A771EE+1096302]
	GetHandleVerifier [0x00A33E8D+821005]
	GetHandleVerifier [0x00A3396B+819691]
	GetHandleVerifier [0x00A33881+819457]
	GetHandleVerifier [0x00A5F463+998627]
	BaseThreadInitThunk [0x76B3FA29+25]
	RtlGetAppContainerNamedObjectPath [0x76F37A7E+286]
	RtlGetAppContainerNamedObjectPath [0x76F37A4E+238]
">
      <![CDATA[org.openqa.selenium.SessionNotCreatedException: session not created: This version of ChromeDriver only supports Chrome version 88
Current browser version is 92.0.4515.131 with binary path C:\Program Files\Google\Chrome\Application\chrome.exe
Build info: version: '3.141.59', revision: 'e82be7d358', time: '2018-11-14T08:17:03'
System info: host: 'DESKTOP-70LASCE', ip: '192.168.0.102', os.name: 'Windows 10', os.arch: 'amd64', os.version: '10.0', java.version: '1.8.0_91'
Driver info: driver.version: ChromeDriver
remote stacktrace: Backtrace:
GetHandleVerifier [0x0096B963+483]
GetHandleVerifier [0x0096B941+449]
GetHandleVerifier [0x00D13308+3832712]
GetHandleVerifier [0x00D2D69A+3940122]
GetHandleVerifier [0x00D29AFB+3924859]
GetHandleVerifier [0x00D27D9C+3917340]
GetHandleVerifier [0x00D4E7FE+4075646]
GetHandleVerifier [0x00D4E56C+4074988]
GetHandleVerifier [0x00D4B2EB+4062059]
GetHandleVerifier [0x00D2ED14+3945876]
GetHandleVerifier [0x00D2FBCE+3949646]
GetHandleVerifier [0x00D2FB59+3949529]
Ordinal0 [0x0092B5CC+46540]
Ordinal0 [0x00929F53+40787]
Ordinal0 [0x00929B12+39698]
GetHandleVerifier [0x00C31468+2907368]
GetHandleVerifier [0x00A771EE+1096302]
GetHandleVerifier [0x00A33E8D+821005]
GetHandleVerifier [0x00A3396B+819691]
GetHandleVerifier [0x00A33881+819457]
GetHandleVerifier [0x00A5F463+998627]
BaseThreadInitThunk [0x76B3FA29+25]
RtlGetAppContainerNamedObjectPath [0x76F37A7E+286]
RtlGetAppContainerNamedObjectPath [0x76F37A4E+238]

at org.openqa.selenium.remote.W3CHandshakeResponse.lambda$errorHandler$0(W3CHandshakeResponse.java:62)
at org.openqa.selenium.remote.HandshakeResponse.lambda$getResponseFunction$0(HandshakeResponse.java:30)
at org.openqa.selenium.remote.ProtocolHandshake.lambda$createSession$0(ProtocolHandshake.java:126)
at java.util.stream.ReferencePipeline$3$1.accept(ReferencePipeline.java:193)
at java.util.Spliterators$ArraySpliterator.tryAdvance(Spliterators.java:958)
at java.util.stream.ReferencePipeline.forEachWithCancel(ReferencePipeline.java:126)
at java.util.stream.AbstractPipeline.copyIntoWithCancel(AbstractPipeline.java:498)
at java.util.stream.AbstractPipeline.copyInto(AbstractPipeline.java:485)
at java.util.stream.AbstractPipeline.wrapAndCopyInto(AbstractPipeline.java:471)
at java.util.stream.FindOps$FindOp.evaluateSequential(FindOps.java:152)
at java.util.stream.AbstractPipeline.evaluate(AbstractPipeline.java:234)
at java.util.stream.ReferencePipeline.findFirst(ReferencePipeline.java:464)
at org.openqa.selenium.remote.ProtocolHandshake.createSession(ProtocolHandshake.java:128)
at org.openqa.selenium.remote.ProtocolHandshake.createSession(ProtocolHandshake.java:74)
at org.openqa.selenium.remote.HttpCommandExecutor.execute(HttpCommandExecutor.java:136)
at org.openqa.selenium.remote.service.DriverCommandExecutor.execute(DriverCommandExecutor.java:83)
at org.openqa.selenium.remote.RemoteWebDriver.execute(RemoteWebDriver.java:552)
at org.openqa.selenium.remote.RemoteWebDriver.startSession(RemoteWebDriver.java:213)
at org.openqa.selenium.remote.RemoteWebDriver.<init>(RemoteWebDriver.java:131)
at org.openqa.selenium.chrome.ChromeDriver.<init>(ChromeDriver.java:181)
at org.openqa.selenium.chrome.ChromeDriver.<init>(ChromeDriver.java:168)
at org.openqa.selenium.chrome.ChromeDriver.<init>(ChromeDriver.java:123)
at in.amazon.test.Base.setup(Base.java:71)
... Removed 32 stack frames]]>
    </failure>
  </testcase> <!-- @BeforeTest setup -->
  <testcase name="@AfterMethod screenshotReport" time="-1.62836429709E9" classname="in.amazon.test.Base">
    <skipped/>
  </testcase> <!-- @AfterMethod screenshotReport -->
  <testcase name="@AfterMethod screenshotReport" time="-1.628364297093E9" classname="in.amazon.test.Base">
    <skipped/>
  </testcase> <!-- @AfterMethod screenshotReport -->
  <testcase name="@AfterMethod screenshotReport" time="-1.628364297096E9" classname="in.amazon.test.Base">
    <skipped/>
  </testcase> <!-- @AfterMethod screenshotReport -->
  <testcase name="@AfterMethod screenshotReport" time="-1.6283642971E9" classname="in.amazon.test.Base">
    <skipped/>
  </testcase> <!-- @AfterMethod screenshotReport -->
  <testcase name="@AfterTest tearDown" time="-1.628364297126E9" classname="in.amazon.test.Base">
    <skipped/>
  </testcase> <!-- @AfterTest tearDown -->
  <testcase name="amazonLogoValidation" time="0.0" classname="in.amazon.test.SignIn">
    <skipped/>
  </testcase> <!-- amazonLogoValidation -->
  <testcase name="amazonTitleValidation" time="0.0" classname="in.amazon.test.SignIn">
    <skipped/>
  </testcase> <!-- amazonTitleValidation -->
  <testcase name="informationLabelValidation" time="0.0" classname="in.amazon.test.SignIn">
    <skipped/>
  </testcase> <!-- informationLabelValidation -->
  <testcase name="textEmailAndButtonContinueValidation" time="0.0" classname="in.amazon.test.SignIn">
    <skipped/>
  </testcase> <!-- textEmailAndButtonContinueValidation -->
</testsuite> <!-- Test -->
